<?xml version="1.0" encoding="UTF-8"?>
<!-- Generated by org.testng.reporters.JUnitReportReporter -->
<testsuite hostname="DESKTOP-J5OLTFL" failures="0" tests="1" name="AdvanceScenarios.AmazonAddressAssignment" time="164.177" errors="0" timestamp="2024-05-01T19:18:39 IST" skipped="0">
  <testcase classname="AdvanceScenarios.AmazonAddressAssignment" name="amazonAddressAssignment" time="164.177"/>
</testsuite> <!-- AdvanceScenarios.AmazonAddressAssignment -->
