<?xml version="1.0" encoding="UTF-8"?>
<!-- Generated by org.testng.reporters.JUnitReportReporter -->
<testsuite hostname="DESKTOP-J5OLTFL" failures="0" tests="1" name="practice.NavigationMethodsExe" time="9.782" errors="0" timestamp="2024-04-26T20:47:19 IST" skipped="0">
  <testcase classname="practice.NavigationMethodsExe" name="navigationMethodsExe" time="9.782"/>
</testsuite> <!-- practice.NavigationMethodsExe -->
