<?xml version="1.0" encoding="UTF-8"?>
<!-- Generated by org.testng.reporters.JUnitReportReporter -->
<testsuite hostname="DESKTOP-J5OLTFL" failures="0" tests="1" name="FrameWork.AssignmentOnFetchingPhoneNumber" time="1.166" errors="0" timestamp="2024-05-01T19:18:39 IST" skipped="0">
  <testcase classname="FrameWork.AssignmentOnFetchingPhoneNumber" name="assignmentOnFetchingPhoneNumber" time="1.166"/>
</testsuite> <!-- FrameWork.AssignmentOnFetchingPhoneNumber -->
