<?xml version="1.0" encoding="UTF-8"?>
<!-- Generated by org.testng.reporters.JUnitReportReporter -->
<testsuite hostname="DESKTOP-J5OLTFL" failures="0" tests="1" name="FrameWork.AssignmentOnFlipkartUsingPomRepo" time="7.790" errors="0" timestamp="2024-04-26T20:36:43 IST" skipped="0">
  <testcase classname="FrameWork.AssignmentOnFlipkartUsingPomRepo" name="assignmentOnFlipkartUsingPomRepo" time="7.790"/>
</testsuite> <!-- FrameWork.AssignmentOnFlipkartUsingPomRepo -->
