<?xml version="1.0" encoding="UTF-8"?>
<!-- Generated by org.testng.reporters.JUnitReportReporter -->
<testsuite hostname="DESKTOP-J5OLTFL" failures="0" tests="1" name="PopUps.AuthenticationPopUp" time="30.460" errors="0" timestamp="2024-04-30T15:12:00 IST" skipped="0">
  <testcase classname="PopUps.AuthenticationPopUp" name="authenticationPopUp" time="30.460"/>
</testsuite> <!-- PopUps.AuthenticationPopUp -->
