<?xml version="1.0" encoding="UTF-8"?>
<!-- Generated by org.testng.reporters.JUnitReportReporter -->
<testsuite hostname="DESKTOP-J5OLTFL" failures="0" tests="1" name="FrameWork.FetchingDataFromExcel" time="10.884" errors="0" timestamp="2024-04-26T20:35:05 IST" skipped="0">
  <testcase classname="FrameWork.FetchingDataFromExcel" name="fetchingDataFromExcel" time="10.884"/>
</testsuite> <!-- FrameWork.FetchingDataFromExcel -->
