<?xml version="1.0" encoding="UTF-8"?>
<!-- Generated by org.testng.reporters.JUnitReportReporter -->
<testsuite hostname="DESKTOP-J5OLTFL" failures="0" tests="1" name="FrameWork.TakeScreenShotEx" time="540.410" errors="0" timestamp="2024-05-13T20:19:09 IST" skipped="0">
  <testcase classname="FrameWork.TakeScreenShotEx" name="m1" time="540.410"/>
</testsuite> <!-- FrameWork.TakeScreenShotEx -->
