<?xml version="1.0" encoding="UTF-8"?>
<!-- Generated by org.testng.reporters.JUnitReportReporter -->
<testsuite hostname="DESKTOP-J5OLTFL" failures="0" tests="1" name="PopUps.WindowHandlingEx1" time="12.718" errors="0" timestamp="2024-06-11T11:13:09 IST" skipped="0">
  <testcase classname="PopUps.WindowHandlingEx1" name="windowHandlingEx1" time="12.718"/>
</testsuite> <!-- PopUps.WindowHandlingEx1 -->
