<?xml version="1.0" encoding="UTF-8"?>
<!-- Generated by org.testng.reporters.JUnitReportReporter -->
<testsuite hostname="DESKTOP-J5OLTFL" failures="0" tests="1" name="AdvanceScenarios.HandlingAutoSuggestionEx1" time="19.275" errors="0" timestamp="2024-05-08T16:54:34 IST" skipped="0">
  <testcase classname="AdvanceScenarios.HandlingAutoSuggestionEx1" name="handlingAutoSuggestionEx1" time="19.275"/>
</testsuite> <!-- AdvanceScenarios.HandlingAutoSuggestionEx1 -->
