<?xml version="1.0" encoding="UTF-8"?>
<!-- Generated by org.testng.reporters.JUnitReportReporter -->
<testsuite hostname="DESKTOP-J5OLTFL" failures="0" tests="1" name="AdvanceScenarios.HandlingKeyBoardUsingKeysClass" time="8.232" errors="0" timestamp="2024-04-29T22:17:25 IST" skipped="0">
  <testcase classname="AdvanceScenarios.HandlingKeyBoardUsingKeysClass" name="handlingKeyBoardUsingKeysClass" time="8.232"/>
</testsuite> <!-- AdvanceScenarios.HandlingKeyBoardUsingKeysClass -->
