<?xml version="1.0" encoding="UTF-8"?>
<!-- Generated by org.testng.reporters.JUnitReportReporter -->
<testsuite hostname="DESKTOP-J5OLTFL" failures="0" tests="1" name="PopUps.AlertPopUp" time="6.700" errors="0" timestamp="2024-06-11T10:57:54 IST" skipped="0">
  <testcase classname="PopUps.AlertPopUp" name="alertPopUp" time="6.700"/>
</testsuite> <!-- PopUps.AlertPopUp -->
