<?xml version="1.0" encoding="UTF-8"?>
<!-- Generated by org.testng.reporters.JUnitReportReporter -->
<testsuite hostname="DESKTOP-J5OLTFL" failures="0" tests="4" name="FrameWork.TestNGEx" time="0.022" errors="0" timestamp="2024-05-07T14:46:20 IST" skipped="0">
  <testcase classname="FrameWork.TestNGEx" name="modifyContact" time="0.003"/>
  <testcase classname="FrameWork.TestNGEx" name="createContact" time="0.012"/>
  <testcase classname="FrameWork.TestNGEx" name="deleteContact" time="0.003"/>
  <testcase classname="FrameWork.TestNGEx" name="modifyContact" time="0.004"/>
</testsuite> <!-- FrameWork.TestNGEx -->
