<?xml version="1.0" encoding="UTF-8"?>
<!-- Generated by org.testng.reporters.JUnitReportReporter -->
<testsuite hostname="DESKTOP-J5OLTFL" failures="0" tests="1" name="FrameWork.StaleElementEx" time="6.075" errors="0" timestamp="2024-04-28T22:25:10 IST" skipped="0">
  <testcase classname="FrameWork.StaleElementEx" name="staleElementEx" time="6.075"/>
</testsuite> <!-- FrameWork.StaleElementEx -->
