<?xml version="1.0" encoding="UTF-8"?>
<!-- Generated by org.testng.reporters.JUnitReportReporter -->
<testsuite hostname="DESKTOP-J5OLTFL" failures="0" tests="1" name="practice.RelativeXpathPractice" time="5.299" errors="0" timestamp="2024-04-26T20:48:20 IST" skipped="0">
  <testcase classname="practice.RelativeXpathPractice" name="relativeXpathPractice" time="5.299"/>
</testsuite> <!-- practice.RelativeXpathPractice -->
