<?xml version="1.0" encoding="UTF-8"?>
<!-- Generated by org.testng.reporters.JUnitReportReporter -->
<testsuite hostname="DESKTOP-J5OLTFL" failures="0" tests="1" name="AdvanceScenarios.HandlingScrollBarRobotClass" time="19.360" errors="0" timestamp="2024-04-26T20:32:26 IST" skipped="0">
  <testcase classname="AdvanceScenarios.HandlingScrollBarRobotClass" name="handlingScrollBarRobotClass" time="19.360"/>
</testsuite> <!-- AdvanceScenarios.HandlingScrollBarRobotClass -->
